This is pdfTeX, Version 3.14159265-2.6-1.40.17 (TeX Live 2016) (preloaded format=pdflatex 2017.5.8)  7 AUG 2018 23:01
entering extended mode
 restricted \write18 enabled.
 %&-line parsing enabled.
**wbb
(./wbb.tex
LaTeX2e <2017/01/01> patch level 3
Babel <3.9r> and hyphenation patterns for 83 language(s) loaded.
(./TD-CJS.cls
Document Class: TD-CJS 1994/07/13 v1.2u Standard LaTeX document class
\proofcount=\count79
\definitioncount=\count80
\propositioncount=\count81
\corollarycount=\count82
\theoremcount=\count83
\remarkcount=\count84
\notationcount=\count85
\examplecount=\count86
\lemmacount=\count87
\conjecturecount=\count88
\draftrule=\dimen102
\trimrule=\dimen103
\trimwidth=\dimen104
\trimheight=\dimen105
\typewidth=\dimen106
\typeheight=\dimen107
\tempdimen=\dimen108
\normaltextheight=\dimen109
\normalbaselineskip=\skip41
\belowfrontmatterskip=\skip42
\blindfoliodrop=\dimen110
\enumdim=\dimen111
\figheight=\dimen112
\figwidth=\dimen113
\tabledim=\dimen114
\tableleftskip=\skip43
\tablerightskip=\skip44
\tablebaselineskip=\skip45
\mathindent=\dimen115
\emathindent=\dimen116
\bibindent=\dimen117
\tempbox=\box26
\tempabox=\box27
\tempbbox=\box28
\messageskip=\skip46
\colorcount=\count89
\c@ContinuousCnt=\count90
(/usr/local/texlive/2016/texmf-dist/tex/latex/tools/dcolumn.sty
(/usr/local/texlive/2016/texmf-dist/tex/latex/tools/array.sty
\col@sep=\dimen118
\extrarowheight=\dimen119
\NC@list=\toks14
\extratabsurround=\skip47
\backup@length=\skip48
))
\minute=\count91
\hour=\count92
\extramargin=\skip49

(/usr/local/texlive/2016/texmf-dist/tex/latex/graphics/epsfig.sty
(/usr/local/texlive/2016/texmf-dist/tex/latex/graphics/graphicx.sty
(/usr/local/texlive/2016/texmf-dist/tex/latex/graphics/keyval.sty
\KV@toks@=\toks15
)
(/usr/local/texlive/2016/texmf-dist/tex/latex/graphics/graphics.sty
(/usr/local/texlive/2016/texmf-dist/tex/latex/graphics/trig.sty)
(/usr/local/texlive/2016/texmf-dist/tex/latex/graphics-cfg/graphics.cfg
File: graphics.cfg 2016/06/04 v1.11 sample graphics configuration
)
Package graphics Info: Driver file: pdftex.def on input line 99.

(/usr/local/texlive/2016/texmf-dist/tex/latex/graphics-def/pdftex.def
File: pdftex.def 2017/01/12 v0.06k Graphics/color for pdfTeX

(/usr/local/texlive/2016/texmf-dist/tex/generic/oberdiek/infwarerr.sty)
(/usr/local/texlive/2016/texmf-dist/tex/generic/oberdiek/ltxcmds.sty)
\Gread@gobject=\count93
))
\Gin@req@height=\dimen120
\Gin@req@width=\dimen121
)
\epsfxsize=\dimen122
\epsfysize=\dimen123
)
\myabseccount=\count94
\myfabseccount=\count95
\authorcount=\count96
\affiliationcount=\count97
\tempcount=\count98
\affiltempcount=\count99
\checkauthorcount=\count100
\authorendcount=\count101
\plncount=\count102
\plntempcount=\count103
\acount=\count104
\auttemp=\count105

(./wbb.aut)
\aut=\write3
\openout3 = `wbb.aut'.

\contractcount=\count106
\Authcount=\count107
\thankscount=\count108
\c@authorfootnotecounter=\count109
\Mybox=\box29
\c@part=\count110
\c@chapter=\count111
\c@section=\count112
\c@subsection=\count113
\c@subsubsection=\count114
\c@paragraph=\count115
\c@subparagraph=\count116
\topsepi=\skip50
\topsepii=\skip51
\topsepiii=\skip52
\itemsepi=\skip53
\itemsepii=\skip54
\itemsepiii=\skip55
\itemsepiv=\skip56
\itemsepv=\skip57
\itemsepvi=\skip58
\itemsepvii=\skip59
\itemsepviii=\skip60
\itemsepix=\skip61
\LabelSep=\dimen124
\c@enumv=\count117
\c@enumvi=\count118
\c@enumvii=\count119
\c@enumviii=\count120
\c@enumix=\count121
\listtextleftmargin=\skip62
\listtextleftmarginii=\skip63
\listtextleftmarginiii=\skip64
\listtextrightmargin=\skip65
\listlabelleftskip=\skip66
\listlabelleftskipii=\skip67
\listlabelleftskipiii=\skip68
\abovelistskipi=\skip69
\belowlistskipi=\skip70
\abovelistskipii=\skip71
\belowlistskipii=\skip72
\abovelistskipiii=\skip73
\belowlistskipiii=\skip74
\abovelistskipiv=\skip75
\belowlistskipiv=\skip76
\abovelistskipv=\skip77
\belowlistskipv=\skip78
\abovelistskipvi=\skip79
\belowlistskipvi=\skip80
\abovelistskipvii=\skip81
\belowlistskipvii=\skip82
\abovelistskipviii=\skip83
\belowlistskipviii=\skip84
\abovelistskipvix=\skip85
\belowlistskipix=\skip86
\labelsepi=\skip87
\labelsepii=\skip88
\labelsepiii=\skip89
\labelsepiv=\skip90
\labelsepv=\skip91
\labelsepvi=\skip92
\labelsepvii=\skip93
\labelsepviii=\skip94
\labelsepix=\skip95
\enumdimwd=\dimen125
\itemleftmargin=\dimen126
\itemlabelsep=\dimen127
\c@ncount=\count122
\abovecaptionskip=\skip96
\belowcaptionskip=\skip97
\belowfigureskip=\skip98
\abovefigureskip=\skip99
\c@figure=\count123
\figcapdim=\dimen128
\onebox=\box30
\figtempbox=\box31
\c@tabfoot=\count124
\c@table=\count125
\tabbodybox=\box32
\tabbodyht=\dimen129
\tabbodywd=\dimen130
\askip=\skip100
\tabledim=\dimen131
\tablecapbox=\box33
\tabledim=\dimen132
\tablecapbox=\box34
\c@textboxfloat=\count126
\c@boxcount=\count127
\figtopskip=\dimen133
\figbottomskip=\dimen134
\@footmax=\dimen135
\fnsm=\count128
 (/usr/local/texlive/2016/texmf-dist/tex/latex/tools/multicol.sty
\c@tracingmulticols=\count129
\mult@box=\box35
\multicol@leftmargin=\dimen136
\c@unbalance=\count130
\c@collectmore=\count131
\doublecol@number=\count132
\multicoltolerance=\count133
\multicolpretolerance=\count134
\full@width=\dimen137
\page@free=\dimen138
\premulticols=\dimen139
\postmulticols=\dimen140
\multicolsep=\skip101
\multicolbaselineskip=\skip102
\partial@page=\box36
\last@line=\box37
\maxbalancingoverflow=\dimen141
\mult@rightbox=\box38
\mult@grightbox=\box39
\mult@gfirstbox=\box40
\mult@firstbox=\box41
\@tempa=\box42
\@tempa=\box43
\@tempa=\box44
\@tempa=\box45
\@tempa=\box46
\@tempa=\box47
\@tempa=\box48
\@tempa=\box49
\@tempa=\box50
\@tempa=\box51
\@tempa=\box52
\@tempa=\box53
\@tempa=\box54
\@tempa=\box55
\@tempa=\box56
\@tempa=\box57
\@tempa=\box58
\c@columnbadness=\count135
\c@finalcolumnbadness=\count136
\last@try=\dimen142
\multicolovershoot=\dimen143
\multicolundershoot=\dimen144
\mult@nat@firstbox=\box59
\colbreak@box=\box60
\mc@col@check@num=\count137
)
\c@appcount=\count138
\bibitemsep=\dimen145
\bibparsep=\dimen146
\biblabelsep=\dimen147
\bibleftmargini=\dimen148

(./Cjsref.sty
\bibhang=\skip103
\bibsep=\skip104
LaTeX Info: Redefining \cite on input line 409.
\c@NAT@ctr=\count139
)
\bibbox=\box61
\bibitemskip=\skip105
\bibitemindent=\skip106
\c@linecounter=\count140
\a=\count141
\b=\count142
\mybox=\box62
\tempbox=\box63
\halfcol=\dimen149
\PageCountForBookmarks=\count143
\bcount=\count144
\ncount=\count145
\ccount=\count146
\temptextheight=\dimen150
\ttempht=\dimen151
\leftsp=\dimen152
\bdimen=\dimen153
\botruleht=\dimen154
\topruleht=\dimen155
\tempcount=\count147
\bcount=\count148
\ttbox=\box64
\firstbox=\box65
\thirdbox=\box66
\NomenBox=\box67
\NomenDim=\dimen156
\nomdim=\dimen157
\defbox=\box68
\defboxdimen=\dimen158

(/usr/local/texlive/2016/texmf-dist/tex/latex/picinpar/picinpar.sty
Pictures in Paragraphs. Version 1.2a, July 13, 1993
\br=\count149
\bl=\count150
\na=\count151
\nb=\count152
\tcdsav=\count153
\tcl=\count154
\tcd=\count155
\tcn=\count156
\cumtcl=\count157
\cumpartcl=\count158
\lftside=\dimen159
\rtside=\dimen160
\hpic=\dimen161
\vpic=\dimen162
\strutilg=\dimen163
\picwd=\dimen164
\topheight=\dimen165
\ilg=\dimen166
\lpic=\dimen167
\lwindowsep=\dimen168
\rwindowsep=\dimen169
\cumpar=\dimen170
\twa=\toks16
\la=\toks17
\ra=\toks18
\ha=\toks19
\pictoc=\toks20
\rawtext=\box69
\holder=\box70
\windowbox=\box71
\wartext=\box72
\finaltext=\box73
\aslice=\box74
\bslice=\box75
\wbox=\box76
\wstrutbox=\box77
\picbox=\box78
\waslice=\box79
\wbslice=\box80
\fslice=\box81
)
\tempboxa=\box82
\calcwd=\dimen171
\calcht=\dimen172
 (./Bookmarks.sty
\bookmarks=\write4
\openout4 = `wbb.bkm'.

\myheight=\dimen173
\tempbox=\box83
\newpagetotal=\dimen174
\NewTextHeight=\dimen175
\NewColroom=\dimen176
)
(/usr/local/texlive/2016/texmf-dist/tex/latex/amsfonts/amssymb.sty
(/usr/local/texlive/2016/texmf-dist/tex/latex/amsfonts/amsfonts.sty
\@emptytoks=\toks21
\symAMSa=\mathgroup4
\symAMSb=\mathgroup5
))
(/usr/local/texlive/2016/texmf-dist/tex/latex/amsmath/amsmath.sty
\@mathmargin=\skip107

For additional information on amsmath, use the `?' option.
(/usr/local/texlive/2016/texmf-dist/tex/latex/amsmath/amstext.sty
(/usr/local/texlive/2016/texmf-dist/tex/latex/amsmath/amsgen.sty
File: amsgen.sty 1999/11/30 v2.0 generic functions
\@emptytoks=\toks22
\ex@=\dimen177
))
(/usr/local/texlive/2016/texmf-dist/tex/latex/amsmath/amsbsy.sty
\pmbraise@=\dimen178
)
(/usr/local/texlive/2016/texmf-dist/tex/latex/amsmath/amsopn.sty)
\inf@bad=\count159
LaTeX Info: Redefining \frac on input line 213.
\uproot@=\count160
\leftroot@=\count161
LaTeX Info: Redefining \overline on input line 375.
\classnum@=\count162
\DOTSCASE@=\count163
LaTeX Info: Redefining \ldots on input line 472.
LaTeX Info: Redefining \dots on input line 475.
LaTeX Info: Redefining \cdots on input line 596.
\Mathstrutbox@=\box84
\strutbox@=\box85
\big@size=\dimen179
\macc@depth=\count164
\c@MaxMatrixCols=\count165
\dotsspace@=\muskip10
\c@parentequation=\count166
\dspbrk@lvl=\count167
\tag@help=\toks23
\row@=\count168
\column@=\count169
\maxfields@=\count170
\andhelp@=\toks24
\eqnshift@=\dimen180
\alignsep@=\dimen181
\tagshift@=\dimen182
\tagwidth@=\dimen183
\totwidth@=\dimen184
\lineht@=\dimen185
\@envbody=\toks25
\multlinegap=\skip108
\multlinetaggap=\skip109
\mathdisplay@stack=\toks26
LaTeX Info: Redefining \[ on input line 2817.
LaTeX Info: Redefining \] on input line 2818.
)
(/usr/local/texlive/2016/texmf-dist/tex/latex/psnfss/times.sty))
(/usr/local/texlive/2016/texmf-dist/tex/latex/base/latexsym.sty
\symlasy=\mathgroup6
)
(/usr/local/texlive/2016/texmf-dist/tex/latex/psfrag/psfrag.sty
\pfg@pcount=\count171
\pfg@scount=\count172
\pfg@temp=\write5
)
(/usr/local/texlive/2016/texmf-dist/tex/latex/setspace/setspace.sty)
(/usr/local/texlive/2016/texmf-dist/tex/latex/amscls/amsthm.sty
\thm@style=\toks27
\thm@bodyfont=\toks28
\thm@headfont=\toks29
\thm@notefont=\toks30
\thm@headpunct=\toks31
\thm@preskip=\skip110
\thm@postskip=\skip111
\thm@headsep=\skip112
\dth@everypar=\toks32


! LaTeX Error: Command \proof already defined.
               Or name \end... illegal, see p.192 of the manual.

See the LaTeX manual or LaTeX Companion for explanation.
Type  H <return>  for immediate help.
 ...                                              
                                                  
l.431 }
       
? e
 
Here is how much of TeX's memory you used:
 3522 strings out of 493013
 42211 string characters out of 6133344
 114568 words of memory out of 5000000
 7062 multiletter control sequences out of 15000+600000
 4912 words of font info for 19 fonts, out of 8000000 for 9000
 1141 hyphenation exceptions out of 8191
 40i,0n,25p,585b,53s stack positions out of 5000i,500n,10000p,200000b,80000s
No pages of output.
PDF statistics:
 0 PDF objects out of 1000 (max. 8388607)
 0 named destinations out of 1000 (max. 500000)
 1 words of extra memory for PDF output out of 10000 (max. 10000000)

