This is pdfTeX, Version 3.14159265-2.6-1.40.20 (TeX Live 2019) (preloaded format=pdflatex 2019.10.22)  16 DEC 2019 11:42
entering extended mode
 restricted \write18 enabled.
 %&-line parsing enabled.
**WBB-dec19.tex
(./WBB-dec19.tex
LaTeX2e <2019-10-01> patch level 1
(./TD-CJS.cls
Document Class: TD-CJS 1994/07/13 v1.2u Standard LaTeX document class
\proofcount=\count80
\definitioncount=\count81
\propositioncount=\count82
\corollarycount=\count83
\theoremcount=\count84
\remarkcount=\count85
\notationcount=\count86
\examplecount=\count87
\lemmacount=\count88
\conjecturecount=\count89
\draftrule=\dimen102
\trimrule=\dimen103
\trimwidth=\dimen104
\trimheight=\dimen105
\typewidth=\dimen106
\typeheight=\dimen107
\tempdimen=\dimen108
\normaltextheight=\dimen109
\normalbaselineskip=\skip41
\belowfrontmatterskip=\skip42
\blindfoliodrop=\dimen110
\enumdim=\dimen111
\figheight=\dimen112
\figwidth=\dimen113
\tabledim=\dimen114
\tableleftskip=\skip43
\tablerightskip=\skip44
\tablebaselineskip=\skip45
\mathindent=\dimen115
\emathindent=\dimen116
\bibindent=\dimen117
\tempbox=\box27
\tempabox=\box28
\tempbbox=\box29
\messageskip=\skip46
\colorcount=\count90
\c@ContinuousCnt=\count91
(/usr/local/texlive/2019/texmf-dist/tex/latex/tools/dcolumn.sty
(/usr/local/texlive/2019/texmf-dist/tex/latex/tools/array.sty
\col@sep=\dimen118
\ar@mcellbox=\box30
\extrarowheight=\dimen119
\NC@list=\toks14
\extratabsurround=\skip47
\backup@length=\skip48
\ar@cellbox=\box31
))
\minute=\count92
\hour=\count93
\extramargin=\skip49

(/usr/local/texlive/2019/texmf-dist/tex/latex/graphics/epsfig.sty
(/usr/local/texlive/2019/texmf-dist/tex/latex/graphics/graphicx.sty
(/usr/local/texlive/2019/texmf-dist/tex/latex/graphics/keyval.sty
\KV@toks@=\toks15
)
(/usr/local/texlive/2019/texmf-dist/tex/latex/graphics/graphics.sty
(/usr/local/texlive/2019/texmf-dist/tex/latex/graphics/trig.sty)
(/usr/local/texlive/2019/texmf-dist/tex/latex/graphics-cfg/graphics.cfg
File: graphics.cfg 2016/06/04 v1.11 sample graphics configuration
)
Package graphics Info: Driver file: pdftex.def on input line 105.

(/usr/local/texlive/2019/texmf-dist/tex/latex/graphics-def/pdftex.def
File: pdftex.def 2018/01/08 v1.0l Graphics/color driver for pdftex
))
\Gin@req@height=\dimen120
\Gin@req@width=\dimen121
)
\epsfxsize=\dimen122
\epsfysize=\dimen123
)
\myabseccount=\count94
\myfabseccount=\count95
\authorcount=\count96
\affiliationcount=\count97
\tempcount=\count98
\affiltempcount=\count99
\checkauthorcount=\count100
\authorendcount=\count101
\plncount=\count102
\plntempcount=\count103
\acount=\count104
\auttemp=\count105

(./WBB-dec19.aut)
\aut=\write3
\openout3 = `WBB-dec19.aut'.

\contractcount=\count106
\Authcount=\count107
\thankscount=\count108
\c@authorfootnotecounter=\count109
\Mybox=\box32
\c@part=\count110
\c@chapter=\count111
\c@section=\count112
\c@subsection=\count113
\c@subsubsection=\count114
\c@paragraph=\count115
\c@subparagraph=\count116
\topsepi=\skip50
\topsepii=\skip51
\topsepiii=\skip52
\itemsepi=\skip53
\itemsepii=\skip54
\itemsepiii=\skip55
\itemsepiv=\skip56
\itemsepv=\skip57
\itemsepvi=\skip58
\itemsepvii=\skip59
\itemsepviii=\skip60
\itemsepix=\skip61
\LabelSep=\dimen124
\c@enumv=\count117
\c@enumvi=\count118
\c@enumvii=\count119
\c@enumviii=\count120
\c@enumix=\count121
\listtextleftmargin=\skip62
\listtextleftmarginii=\skip63
\listtextleftmarginiii=\skip64
\listtextrightmargin=\skip65
\listlabelleftskip=\skip66
\listlabelleftskipii=\skip67
\listlabelleftskipiii=\skip68
\abovelistskipi=\skip69
\belowlistskipi=\skip70
\abovelistskipii=\skip71
\belowlistskipii=\skip72
\abovelistskipiii=\skip73
\belowlistskipiii=\skip74
\abovelistskipiv=\skip75
\belowlistskipiv=\skip76
\abovelistskipv=\skip77
\belowlistskipv=\skip78
\abovelistskipvi=\skip79
\belowlistskipvi=\skip80
\abovelistskipvii=\skip81
\belowlistskipvii=\skip82
\abovelistskipviii=\skip83
\belowlistskipviii=\skip84
\abovelistskipvix=\skip85
\belowlistskipix=\skip86
\labelsepi=\skip87
\labelsepii=\skip88
\labelsepiii=\skip89
\labelsepiv=\skip90
\labelsepv=\skip91
\labelsepvi=\skip92
\labelsepvii=\skip93
\labelsepviii=\skip94
\labelsepix=\skip95
\enumdimwd=\dimen125
\itemleftmargin=\dimen126
\itemlabelsep=\dimen127
\c@ncount=\count122
\abovecaptionskip=\skip96
\belowcaptionskip=\skip97
\belowfigureskip=\skip98
\abovefigureskip=\skip99
\c@figure=\count123
\figcapdim=\dimen128
\onebox=\box33
\figtempbox=\box34
\c@tabfoot=\count124
\c@table=\count125
\tabbodybox=\box35
\tabbodyht=\dimen129
\tabbodywd=\dimen130
\askip=\skip100
\tabledim=\dimen131
\tablecapbox=\box36
\tabledim=\dimen132
\tablecapbox=\box37
\c@textboxfloat=\count126
\c@boxcount=\count127
\figtopskip=\dimen133
\figbottomskip=\dimen134
\@footmax=\dimen135
\fnsm=\count128

(/usr/local/texlive/2019/texmf-dist/tex/latex/tools/multicol.sty
\c@tracingmulticols=\count129
\mult@box=\box38
\multicol@leftmargin=\dimen136
\c@unbalance=\count130
\c@collectmore=\count131
\doublecol@number=\count132
\multicoltolerance=\count133
\multicolpretolerance=\count134
\full@width=\dimen137
\page@free=\dimen138
\premulticols=\dimen139
\postmulticols=\dimen140
\multicolsep=\skip101
\multicolbaselineskip=\skip102
\partial@page=\box39
\last@line=\box40
\maxbalancingoverflow=\dimen141
\mult@rightbox=\box41
\mult@grightbox=\box42
\mult@gfirstbox=\box43
\mult@firstbox=\box44
\@tempa=\box45
\@tempa=\box46
\@tempa=\box47
\@tempa=\box48
\@tempa=\box49
\@tempa=\box50
\@tempa=\box51
\@tempa=\box52
\@tempa=\box53
\@tempa=\box54
\@tempa=\box55
\@tempa=\box56
\@tempa=\box57
\@tempa=\box58
\@tempa=\box59
\@tempa=\box60
\@tempa=\box61
\c@minrows=\count135
\c@columnbadness=\count136
\c@finalcolumnbadness=\count137
\last@try=\dimen142
\multicolovershoot=\dimen143
\multicolundershoot=\dimen144
\mult@nat@firstbox=\box62
\colbreak@box=\box63
\mc@col@check@num=\count138
)
\c@appcount=\count139
\bibitemsep=\dimen145
\bibparsep=\dimen146
\biblabelsep=\dimen147
\bibleftmargini=\dimen148
 (./Cjsref.sty
\bibhang=\skip103
\bibsep=\skip104
LaTeX Info: Redefining \cite on input line 409.
\c@NAT@ctr=\count140
)
\bibbox=\box64
\bibitemskip=\skip105
\bibitemindent=\skip106
\c@linecounter=\count141
\a=\count142
\b=\count143
\mybox=\box65
\tempbox=\box66
\halfcol=\dimen149
\PageCountForBookmarks=\count144
\bcount=\count145
\ncount=\count146
\ccount=\count147
\temptextheight=\dimen150
\ttempht=\dimen151
\leftsp=\dimen152
\bdimen=\dimen153
\botruleht=\dimen154
\topruleht=\dimen155
\tempcount=\count148
\bcount=\count149
\ttbox=\box67
\firstbox=\box68
\thirdbox=\box69
\NomenBox=\box70
\NomenDim=\dimen156
\nomdim=\dimen157
\defbox=\box71
\defboxdimen=\dimen158
 (/usr/local/texlive/2019/texmf-dist/tex/latex/picinpar/picinpar.sty
Pictures in Paragraphs. Version 1.2a, July 13, 1993
\br=\count150
\bl=\count151
\na=\count152
\nb=\count153
\tcdsav=\count154
\tcl=\count155
\tcd=\count156
\tcn=\count157
\cumtcl=\count158
\cumpartcl=\count159
\lftside=\dimen159
\rtside=\dimen160
\hpic=\dimen161
\vpic=\dimen162
\strutilg=\dimen163
\picwd=\dimen164
\topheight=\dimen165
\ilg=\dimen166
\lpic=\dimen167
\lwindowsep=\dimen168
\rwindowsep=\dimen169
\cumpar=\dimen170
\twa=\toks16
\la=\toks17
\ra=\toks18
\ha=\toks19
\pictoc=\toks20
\rawtext=\box72
\holder=\box73
\windowbox=\box74
\wartext=\box75
\finaltext=\box76
\aslice=\box77
\bslice=\box78
\wbox=\box79
\wstrutbox=\box80
\picbox=\box81
\waslice=\box82
\wbslice=\box83
\fslice=\box84
)
\tempboxa=\box85
\calcwd=\dimen171
\calcht=\dimen172
 (./Bookmarks.sty
\bookmarks=\write4
\openout4 = `WBB-dec19.bkm'.

\myheight=\dimen173
\tempbox=\box86
\newpagetotal=\dimen174
\NewTextHeight=\dimen175
\NewColroom=\dimen176
)
(/usr/local/texlive/2019/texmf-dist/tex/latex/amsfonts/amssymb.sty
(/usr/local/texlive/2019/texmf-dist/tex/latex/amsfonts/amsfonts.sty
\@emptytoks=\toks21
\symAMSa=\mathgroup4
\symAMSb=\mathgroup5
))
(/usr/local/texlive/2019/texmf-dist/tex/latex/amsmath/amsmath.sty
\@mathmargin=\skip107

For additional information on amsmath, use the `?' option.
(/usr/local/texlive/2019/texmf-dist/tex/latex/amsmath/amstext.sty
(/usr/local/texlive/2019/texmf-dist/tex/latex/amsmath/amsgen.sty
File: amsgen.sty 1999/11/30 v2.0 generic functions
\@emptytoks=\toks22
\ex@=\dimen177
))
(/usr/local/texlive/2019/texmf-dist/tex/latex/amsmath/amsbsy.sty
\pmbraise@=\dimen178
)
(/usr/local/texlive/2019/texmf-dist/tex/latex/amsmath/amsopn.sty)
\inf@bad=\count160
LaTeX Info: Redefining \frac on input line 227.
\uproot@=\count161
\leftroot@=\count162
LaTeX Info: Redefining \overline on input line 389.
\classnum@=\count163
\DOTSCASE@=\count164
LaTeX Info: Redefining \ldots on input line 486.
LaTeX Info: Redefining \dots on input line 489.
LaTeX Info: Redefining \cdots on input line 610.
\Mathstrutbox@=\box87
\strutbox@=\box88
\big@size=\dimen179
\macc@depth=\count165
\c@MaxMatrixCols=\count166
\dotsspace@=\muskip10
\c@parentequation=\count167
\dspbrk@lvl=\count168
\tag@help=\toks23
\row@=\count169
\column@=\count170
\maxfields@=\count171
\andhelp@=\toks24
\eqnshift@=\dimen180
\alignsep@=\dimen181
\tagshift@=\dimen182
\tagwidth@=\dimen183
\totwidth@=\dimen184
\lineht@=\dimen185
\@envbody=\toks25
\multlinegap=\skip108
\multlinetaggap=\skip109
\mathdisplay@stack=\toks26
LaTeX Info: Redefining \[ on input line 2855.
LaTeX Info: Redefining \] on input line 2856.
)
(/usr/local/texlive/2019/texmf-dist/tex/latex/psnfss/times.sty))
(/usr/local/texlive/2019/texmf-dist/tex/latex/base/latexsym.sty
\symlasy=\mathgroup6
)
(/usr/local/texlive/2019/texmf-dist/tex/latex/psfrag/psfrag.sty
\pfg@pcount=\count172
\pfg@scount=\count173
\pfg@temp=\write5
)
(/usr/local/texlive/2019/texmf-dist/tex/latex/enumitem/enumitem.sty
\labelindent=\skip110
\enit@outerparindent=\dimen186
\enit@toks=\toks27
\enit@inbox=\box89
\enit@count@id=\count174
\enitdp@description=\count175
)
(/usr/local/texlive/2019/texmf-dist/tex/latex/algorithms/algorithm.sty
(/usr/local/texlive/2019/texmf-dist/tex/latex/float/float.sty
\c@float@type=\count176
\float@exts=\toks28
\float@box=\box90
\@float@everytoks=\toks29
\@floatcapt=\box91
)
(/usr/local/texlive/2019/texmf-dist/tex/latex/base/ifthen.sty)
\@float@every@algorithm=\toks30
\c@algorithm=\count177
)
(/usr/local/texlive/2019/texmf-dist/tex/latex/algorithmicx/algpseudocode.sty
(/usr/local/texlive/2019/texmf-dist/tex/latex/algorithmicx/algorithmicx.sty
Document Style algorithmicx 1.2 - a greatly improved `algorithmic' style
\c@ALG@line=\count178
\c@ALG@rem=\count179
\c@ALG@nested=\count180
\ALG@tlm=\skip111
\ALG@thistlm=\skip112
\c@ALG@Lnr=\count181
\c@ALG@blocknr=\count182
\c@ALG@storecount=\count183
\c@ALG@tmpcounter=\count184
\ALG@tmplength=\skip113
)
Document Style - pseudocode environments for use with the `algorithmicx' style
) (/usr/local/texlive/2019/texmf-dist/tex/latex/multirow/multirow.sty
\multirow@colwidth=\skip114
\multirow@cntb=\count185
\multirow@dima=\skip115
\bigstrutjot=\dimen187
)
(/usr/local/texlive/2019/texmf-dist/tex/latex/doublestroke/dsfont.sty)
(./WBB-dec19.aux)
\openout1 = `WBB-dec19.aux'.


(/usr/local/texlive/2019/texmf-dist/tex/latex/psnfss/ot1ptm.fd
File: ot1ptm.fd 2001/06/04 font definitions for OT1/ptm.
)
(/usr/local/texlive/2019/texmf-dist/tex/context/base/mkii/supp-pdf.mkii
[Loading MPS to PDF converter (version 2006.09.02).]
\scratchcounter=\count186
\scratchdimen=\dimen188
\scratchbox=\box92
\nofMPsegments=\count187
\nofMParguments=\count188
\everyMPshowfont=\toks31
\MPscratchCnt=\count189
\MPscratchDim=\dimen189
\MPnumerator=\count190
\makeMPintoPDFobject=\count191
\everyMPtoPDFconversion=\toks32
) (/usr/local/texlive/2019/texmf-dist/tex/latex/oberdiek/epstopdf-base.sty
(/usr/local/texlive/2019/texmf-dist/tex/generic/oberdiek/infwarerr.sty)
(/usr/local/texlive/2019/texmf-dist/tex/latex/oberdiek/grfext.sty
(/usr/local/texlive/2019/texmf-dist/tex/generic/oberdiek/kvdefinekeys.sty
(/usr/local/texlive/2019/texmf-dist/tex/generic/oberdiek/ltxcmds.sty)))
(/usr/local/texlive/2019/texmf-dist/tex/latex/oberdiek/kvoptions.sty
(/usr/local/texlive/2019/texmf-dist/tex/generic/oberdiek/kvsetkeys.sty
(/usr/local/texlive/2019/texmf-dist/tex/generic/oberdiek/etexcmds.sty
(/usr/local/texlive/2019/texmf-dist/tex/generic/oberdiek/ifluatex.sty
Package ifluatex Info: LuaTeX not detected.
))))
(/usr/local/texlive/2019/texmf-dist/tex/generic/oberdiek/pdftexcmds.sty
(/usr/local/texlive/2019/texmf-dist/tex/generic/oberdiek/ifpdf.sty)
Package pdftexcmds Info: LuaTeX not detected.
Package pdftexcmds Info: \pdf@primitive is available.
Package pdftexcmds Info: \pdf@ifprimitive is available.
Package pdftexcmds Info: \pdfdraftmode found.
)
Package epstopdf-base Info: Redefining graphics rule for `.eps' on input line 4
38.
Package grfext Info: Graphics extension search list:
(grfext)             [.pdf,.png,.jpg,.mps,.jpeg,.jbig2,.jb2,.PDF,.PNG,.JPG,.JPE
G,.JBIG2,.JB2,.eps]
(grfext)             \AppendGraphicsExtensions on input line 456.

(/usr/local/texlive/2019/texmf-dist/tex/latex/latexconfig/epstopdf-sys.cfg
File: epstopdf-sys.cfg 2010/07/13 v1.3 Configuration of (r)epstopdf for TeX Liv
e
))
(/usr/local/texlive/2019/texmf-dist/tex/latex/psnfss/ot1phv.fd
File: ot1phv.fd 2001/06/04 scalable font definitions for OT1/phv.
)
(/usr/local/texlive/2019/texmf-dist/tex/latex/amsfonts/umsa.fd
File: umsa.fd 2013/01/14 v3.01 AMS symbols A
)
(/usr/local/texlive/2019/texmf-dist/tex/latex/amsfonts/umsb.fd
File: umsb.fd 2013/01/14 v3.01 AMS symbols B
)
(/usr/local/texlive/2019/texmf-dist/tex/latex/base/ulasy.fd
File: ulasy.fd 1998/08/17 v2.2e LaTeX symbol font definitions
)
(/usr/local/texlive/2019/texmf-dist/tex/latex/psnfss/omsptm.fd
File: omsptm.fd 
) [1{/usr/local/texlive/2019/texmf-var/fonts/map/pdftex/updmap/pdftex.map}

]
(/usr/local/texlive/2019/texmf-dist/tex/latex/psnfss/ot1pcr.fd
File: ot1pcr.fd 2001/06/04 font definitions for OT1/pcr.
) [2] [3]
[4] [5] [6] [7] [8] [9] [10] [11] [12]
<simple.pdf, id=56, 528.97626pt x 508.90125pt>
File: simple.pdf Graphic file (type pdf)
<use simple.pdf>
Package pdftex.def Info: simple.pdf  used on input line 404.
(pdftex.def)             Requested size: 290.93784pt x 279.89655pt.
 [13] [14 <./simple.pdf>]
<mcmc.pdf, id=74, 560.0925pt x 439.6425pt>
File: mcmc.pdf Graphic file (type pdf)
<use mcmc.pdf>
Package pdftex.def Info: mcmc.pdf  used on input line 442.
(pdftex.def)             Requested size: 308.05182pt x 241.80411pt.
 [15] [16 <./mcmc.pdf>] [17] [18] [19]
<diabetes.pdf, id=97, 578.16pt x 722.7pt>
File: diabetes.pdf Graphic file (type pdf)
<use diabetes.pdf>
Package pdftex.def Info: diabetes.pdf  used on input line 604.
(pdftex.def)             Requested size: 404.70924pt x 505.88655pt.

Overfull \hbox (20.59705pt too wide) in paragraph at lines 604--606
 [][] 
 []

[20]

LaTeX Warning: Text page 21 contains only floats.

[21 <./diabetes.pdf>]
<filtering.pdf, id=109, 665.48625pt x 448.67625pt>
File: filtering.pdf Graphic file (type pdf)
<use filtering.pdf>
Package pdftex.def Info: filtering.pdf  used on input line 629.
(pdftex.def)             Requested size: 366.01857pt x 246.77269pt.
 [22] [23 <./filtering.pdf>] [24] [25]
<acc.pdf, id=129, 705.63625pt x 504.88625pt>
File: acc.pdf Graphic file (type pdf)
<use acc.pdf>
Package pdftex.def Info: acc.pdf  used on input line 704.
(pdftex.def)             Requested size: 268.87737pt x 192.38263pt.
 [26] [27 <./acc.pdf>] [28] [29] [30] [31] [32] [33] [34] (./WBB-dec19.aux) ) 
Here is how much of TeX's memory you used:
 5707 strings out of 492167
 74462 string characters out of 6125388
 175165 words of memory out of 5000000
 9926 multiletter control sequences out of 15000+600000
 42519 words of font info for 98 fonts, out of 8000000 for 9000
 1141 hyphenation exceptions out of 8191
 45i,12n,31p,949b,359s stack positions out of 5000i,500n,10000p,200000b,80000s
{/
usr/local/texlive/2019/texmf-dist/fonts/enc/dvips/base/8r.enc}</usr/local/texli
ve/2019/texmf-dist/fonts/type1/public/amsfonts/cm/cmbx12.pfb></usr/local/texliv
e/2019/texmf-dist/fonts/type1/public/amsfonts/cm/cmbx6.pfb></usr/local/texlive/
2019/texmf-dist/fonts/type1/public/amsfonts/cm/cmbx8.pfb></usr/local/texlive/20
19/texmf-dist/fonts/type1/public/amsfonts/cm/cmex10.pfb></usr/local/texlive/201
9/texmf-dist/fonts/type1/public/amsfonts/cm/cmmi10.pfb></usr/local/texlive/2019
/texmf-dist/fonts/type1/public/amsfonts/cm/cmmi12.pfb></usr/local/texlive/2019/
texmf-dist/fonts/type1/public/amsfonts/cm/cmmi6.pfb></usr/local/texlive/2019/te
xmf-dist/fonts/type1/public/amsfonts/cm/cmmi8.pfb></usr/local/texlive/2019/texm
f-dist/fonts/type1/public/amsfonts/cm/cmmi9.pfb></usr/local/texlive/2019/texmf-
dist/fonts/type1/public/amsfonts/cm/cmr12.pfb></usr/local/texlive/2019/texmf-di
st/fonts/type1/public/amsfonts/cm/cmr6.pfb></usr/local/texlive/2019/texmf-dist/
fonts/type1/public/amsfonts/cm/cmr7.pfb></usr/local/texlive/2019/texmf-dist/fon
ts/type1/public/amsfonts/cm/cmr8.pfb></usr/local/texlive/2019/texmf-dist/fonts/
type1/public/amsfonts/cm/cmr9.pfb></usr/local/texlive/2019/texmf-dist/fonts/typ
e1/public/amsfonts/cm/cmsy10.pfb></usr/local/texlive/2019/texmf-dist/fonts/type
1/public/amsfonts/cm/cmsy6.pfb></usr/local/texlive/2019/texmf-dist/fonts/type1/
public/amsfonts/cm/cmsy8.pfb></usr/local/texlive/2019/texmf-dist/fonts/type1/pu
blic/amsfonts/cm/cmsy9.pfb></usr/local/texlive/2019/texmf-dist/fonts/type1/urw/
courier/ucrr8a.pfb></usr/local/texlive/2019/texmf-dist/fonts/type1/urw/helvetic
/uhvb8a.pfb></usr/local/texlive/2019/texmf-dist/fonts/type1/urw/helvetic/uhvr8a
.pfb></usr/local/texlive/2019/texmf-dist/fonts/type1/urw/times/utmb8a.pfb></usr
/local/texlive/2019/texmf-dist/fonts/type1/urw/times/utmr8a.pfb></usr/local/tex
live/2019/texmf-dist/fonts/type1/urw/times/utmri8a.pfb>
Output written on WBB-dec19.pdf (34 pages, 481569 bytes).
PDF statistics:
 245 PDF objects out of 1000 (max. 8388607)
 173 compressed objects within 2 object streams
 0 named destinations out of 1000 (max. 500000)
 26 words of extra memory for PDF output out of 10000 (max. 10000000)

