This is pdfTeX, Version 3.14159265-2.6-1.40.19 (TeX Live 2018/MacPorts 2018.47642_4) (preloaded format=pdflatex 2018.7.30)  2 JUL 2019 13:33
entering extended mode
 restricted \write18 enabled.
 %&-line parsing enabled.
**WBB-revision2.tex
(./WBB-revision2.tex
LaTeX2e <2018-04-01> patch level 2
Babel <3.18> and hyphenation patterns for 3 language(s) loaded.
(./TD-CJS.cls
Document Class: TD-CJS 1994/07/13 v1.2u Standard LaTeX document class
\proofcount=\count80
\definitioncount=\count81
\propositioncount=\count82
\corollarycount=\count83
\theoremcount=\count84
\remarkcount=\count85
\notationcount=\count86
\examplecount=\count87
\lemmacount=\count88
\conjecturecount=\count89
\draftrule=\dimen102
\trimrule=\dimen103
\trimwidth=\dimen104
\trimheight=\dimen105
\typewidth=\dimen106
\typeheight=\dimen107
\tempdimen=\dimen108
\normaltextheight=\dimen109
\normalbaselineskip=\skip41
\belowfrontmatterskip=\skip42
\blindfoliodrop=\dimen110
\enumdim=\dimen111
\figheight=\dimen112
\figwidth=\dimen113
\tabledim=\dimen114
\tableleftskip=\skip43
\tablerightskip=\skip44
\tablebaselineskip=\skip45
\mathindent=\dimen115
\emathindent=\dimen116
\bibindent=\dimen117
\tempbox=\box26
\tempabox=\box27
\tempbbox=\box28
\messageskip=\skip46
\colorcount=\count90
\c@ContinuousCnt=\count91
(/opt/local/share/texmf-texlive/tex/latex/tools/dcolumn.sty
(/opt/local/share/texmf-texlive/tex/latex/tools/array.sty
\col@sep=\dimen118
\ar@mcellbox=\box29
\extrarowheight=\dimen119
\NC@list=\toks14
\extratabsurround=\skip47
\backup@length=\skip48
\ar@cellbox=\box30
))
\minute=\count92
\hour=\count93
\extramargin=\skip49

(/opt/local/share/texmf-texlive/tex/latex/graphics/epsfig.sty
(/opt/local/share/texmf-texlive/tex/latex/graphics/graphicx.sty
(/opt/local/share/texmf-texlive/tex/latex/graphics/keyval.sty
\KV@toks@=\toks15
)
(/opt/local/share/texmf-texlive/tex/latex/graphics/graphics.sty
(/opt/local/share/texmf-texlive/tex/latex/graphics/trig.sty)
(/opt/local/share/texmf-texlive/tex/latex/graphics-cfg/graphics.cfg
File: graphics.cfg 2016/06/04 v1.11 sample graphics configuration
)
Package graphics Info: Driver file: pdftex.def on input line 99.

(/opt/local/share/texmf-texlive/tex/latex/graphics-def/pdftex.def
File: pdftex.def 2018/01/08 v1.0l Graphics/color driver for pdftex
))
\Gin@req@height=\dimen120
\Gin@req@width=\dimen121
)
\epsfxsize=\dimen122
\epsfysize=\dimen123
)
\myabseccount=\count94
\myfabseccount=\count95
\authorcount=\count96
\affiliationcount=\count97
\tempcount=\count98
\affiltempcount=\count99
\checkauthorcount=\count100
\authorendcount=\count101
\plncount=\count102
\plntempcount=\count103
\acount=\count104
\auttemp=\count105
\aut=\write3
\openout3 = `WBB-revision2.aut'.

\contractcount=\count106
\Authcount=\count107
\thankscount=\count108
\c@authorfootnotecounter=\count109
\Mybox=\box31
\c@part=\count110
\c@chapter=\count111
\c@section=\count112
\c@subsection=\count113
\c@subsubsection=\count114
\c@paragraph=\count115
\c@subparagraph=\count116
\topsepi=\skip50
\topsepii=\skip51
\topsepiii=\skip52
\itemsepi=\skip53
\itemsepii=\skip54
\itemsepiii=\skip55
\itemsepiv=\skip56
\itemsepv=\skip57
\itemsepvi=\skip58
\itemsepvii=\skip59
\itemsepviii=\skip60
\itemsepix=\skip61
\LabelSep=\dimen124
\c@enumv=\count117
\c@enumvi=\count118
\c@enumvii=\count119
\c@enumviii=\count120
\c@enumix=\count121
\listtextleftmargin=\skip62
\listtextleftmarginii=\skip63
\listtextleftmarginiii=\skip64
\listtextrightmargin=\skip65
\listlabelleftskip=\skip66
\listlabelleftskipii=\skip67
\listlabelleftskipiii=\skip68
\abovelistskipi=\skip69
\belowlistskipi=\skip70
\abovelistskipii=\skip71
\belowlistskipii=\skip72
\abovelistskipiii=\skip73
\belowlistskipiii=\skip74
\abovelistskipiv=\skip75
\belowlistskipiv=\skip76
\abovelistskipv=\skip77
\belowlistskipv=\skip78
\abovelistskipvi=\skip79
\belowlistskipvi=\skip80
\abovelistskipvii=\skip81
\belowlistskipvii=\skip82
\abovelistskipviii=\skip83
\belowlistskipviii=\skip84
\abovelistskipvix=\skip85
\belowlistskipix=\skip86
\labelsepi=\skip87
\labelsepii=\skip88
\labelsepiii=\skip89
\labelsepiv=\skip90
\labelsepv=\skip91
\labelsepvi=\skip92
\labelsepvii=\skip93
\labelsepviii=\skip94
\labelsepix=\skip95
\enumdimwd=\dimen125
\itemleftmargin=\dimen126
\itemlabelsep=\dimen127
\c@ncount=\count122
\abovecaptionskip=\skip96
\belowcaptionskip=\skip97
\belowfigureskip=\skip98
\abovefigureskip=\skip99
\c@figure=\count123
\figcapdim=\dimen128
\onebox=\box32
\figtempbox=\box33
\c@tabfoot=\count124
\c@table=\count125
\tabbodybox=\box34
\tabbodyht=\dimen129
\tabbodywd=\dimen130
\askip=\skip100
\tabledim=\dimen131
\tablecapbox=\box35
\tabledim=\dimen132
\tablecapbox=\box36
\c@textboxfloat=\count126
\c@boxcount=\count127
\figtopskip=\dimen133
\figbottomskip=\dimen134
\@footmax=\dimen135
\fnsm=\count128

(/opt/local/share/texmf-texlive/tex/latex/tools/multicol.sty
\c@tracingmulticols=\count129
\mult@box=\box37
\multicol@leftmargin=\dimen136
\c@unbalance=\count130
\c@collectmore=\count131
\doublecol@number=\count132
\multicoltolerance=\count133
\multicolpretolerance=\count134
\full@width=\dimen137
\page@free=\dimen138
\premulticols=\dimen139
\postmulticols=\dimen140
\multicolsep=\skip101
\multicolbaselineskip=\skip102
\partial@page=\box38
\last@line=\box39
\maxbalancingoverflow=\dimen141
\mult@rightbox=\box40
\mult@grightbox=\box41
\mult@gfirstbox=\box42
\mult@firstbox=\box43
\@tempa=\box44
\@tempa=\box45
\@tempa=\box46
\@tempa=\box47
\@tempa=\box48
\@tempa=\box49
\@tempa=\box50
\@tempa=\box51
\@tempa=\box52
\@tempa=\box53
\@tempa=\box54
\@tempa=\box55
\@tempa=\box56
\@tempa=\box57
\@tempa=\box58
\@tempa=\box59
\@tempa=\box60
\c@columnbadness=\count135
\c@finalcolumnbadness=\count136
\last@try=\dimen142
\multicolovershoot=\dimen143
\multicolundershoot=\dimen144
\mult@nat@firstbox=\box61
\colbreak@box=\box62
\mc@col@check@num=\count137
)
\c@appcount=\count138
\bibitemsep=\dimen145
\bibparsep=\dimen146
\biblabelsep=\dimen147
\bibleftmargini=\dimen148
 (./Cjsref.sty
\bibhang=\skip103
\bibsep=\skip104
LaTeX Info: Redefining \cite on input line 409.
\c@NAT@ctr=\count139
)
\bibbox=\box63
\bibitemskip=\skip105
\bibitemindent=\skip106
\c@linecounter=\count140
\a=\count141
\b=\count142
\mybox=\box64
\tempbox=\box65
\halfcol=\dimen149
\PageCountForBookmarks=\count143
\bcount=\count144
\ncount=\count145
\ccount=\count146
\temptextheight=\dimen150
\ttempht=\dimen151
\leftsp=\dimen152
\bdimen=\dimen153
\botruleht=\dimen154
\topruleht=\dimen155
\tempcount=\count147
\bcount=\count148
\ttbox=\box66
\firstbox=\box67
\thirdbox=\box68
\NomenBox=\box69
\NomenDim=\dimen156
\nomdim=\dimen157
\defbox=\box70
\defboxdimen=\dimen158

(/opt/local/share/texmf-texlive/tex/latex/picinpar/picinpar.sty
Pictures in Paragraphs. Version 1.2a, July 13, 1993
\br=\count149
\bl=\count150
\na=\count151
\nb=\count152
\tcdsav=\count153
\tcl=\count154
\tcd=\count155
\tcn=\count156
\cumtcl=\count157
\cumpartcl=\count158
\lftside=\dimen159
\rtside=\dimen160
\hpic=\dimen161
\vpic=\dimen162
\strutilg=\dimen163
\picwd=\dimen164
\topheight=\dimen165
\ilg=\dimen166
\lpic=\dimen167
\lwindowsep=\dimen168
\rwindowsep=\dimen169
\cumpar=\dimen170
\twa=\toks16
\la=\toks17
\ra=\toks18
\ha=\toks19
\pictoc=\toks20
\rawtext=\box71
\holder=\box72
\windowbox=\box73
\wartext=\box74
\finaltext=\box75
\aslice=\box76
\bslice=\box77
\wbox=\box78
\wstrutbox=\box79
\picbox=\box80
\waslice=\box81
\wbslice=\box82
\fslice=\box83
)
\tempboxa=\box84
\calcwd=\dimen171
\calcht=\dimen172
 (./Bookmarks.sty
\bookmarks=\write4
\openout4 = `WBB-revision2.bkm'.

\myheight=\dimen173
\tempbox=\box85
\newpagetotal=\dimen174
\NewTextHeight=\dimen175
\NewColroom=\dimen176
)
(/opt/local/share/texmf-texlive/tex/latex/amsfonts/amssymb.sty
(/opt/local/share/texmf-texlive/tex/latex/amsfonts/amsfonts.sty
\@emptytoks=\toks21
\symAMSa=\mathgroup4
\symAMSb=\mathgroup5
))
(/opt/local/share/texmf-texlive/tex/latex/amsmath/amsmath.sty
\@mathmargin=\skip107

For additional information on amsmath, use the `?' option.
(/opt/local/share/texmf-texlive/tex/latex/amsmath/amstext.sty
(/opt/local/share/texmf-texlive/tex/latex/amsmath/amsgen.sty
File: amsgen.sty 1999/11/30 v2.0 generic functions
\@emptytoks=\toks22
\ex@=\dimen177
))
(/opt/local/share/texmf-texlive/tex/latex/am